app/build/intermediates/manifest_merge_blame_file/debug/processDebugMainManifest/manifest-merger-blame-debug-report.txt
1<?xml version="1.0" encoding="utf-8"?>
2<manifest xmlns:android="http://schemas.android.com/apk/res/android"
3    package="com.antiprocrastinacion.lock"
4    android:versionCode="241"
5    android:versionName="24.1.0" >
6
7    <uses-sdk
8        android:minSdkVersion="26"
9        android:targetSdkVersion="35" />
10
11    <!-- Permiso de Internet para Firebase SDK -->
12    <uses-permission android:name="android.permission.INTERNET" />
12-->src\main\AndroidManifest.xml:6:5-67
12-->src\main\AndroidManifest.xml:6:22-64
13
14    <!-- Permiso para iniciar en el boot y mantener el bloqueo tras reiniciar -->
15    <uses-permission android:name="android.permission.RECEIVE_BOOT_COMPLETED" />
15-->src\main\AndroidManifest.xml:9:5-81
15-->src\main\AndroidManifest.xml:9:22-78
16
17    <!-- Permiso para consultar los launchers del sistema y poder redirigir al real -->
18    <uses-permission android:name="android.permission.QUERY_ALL_PACKAGES" />
18-->src\main\AndroidManifest.xml:12:5-77
18-->src\main\AndroidManifest.xml:12:22-74
19
20    <!-- Permiso para monitorear aplicaciones en primer plano -->
21    <uses-permission android:name="android.permission.PACKAGE_USAGE_STATS" />
21-->src\main\AndroidManifest.xml:15:5-114
21-->src\main\AndroidManifest.xml:15:22-75
22
23    <!-- Permisos para Foreground Service (Evita que el sistema o HiOS mate la app) -->
24    <uses-permission android:name="android.permission.FOREGROUND_SERVICE" />
24-->src\main\AndroidManifest.xml:18:5-77
24-->src\main\AndroidManifest.xml:18:22-74
25    <uses-permission android:name="android.permission.FOREGROUND_SERVICE_SPECIAL_USE" />
25-->src\main\AndroidManifest.xml:19:5-114
25-->src\main\AndroidManifest.xml:19:22-86
26    <uses-permission android:name="android.permission.POST_NOTIFICATIONS" />
26-->src\main\AndroidManifest.xml:20:5-77
26-->src\main\AndroidManifest.xml:20:22-74
27    <uses-permission android:name="android.permission.USE_BIOMETRIC" /> <!-- suppress DeprecatedClassUsageInspection -->
27-->[androidx.biometric:biometric:1.1.0] AndroidManifest.xml:24:5-72
27-->[androidx.biometric:biometric:1.1.0] AndroidManifest.xml:24:22-69
28    <uses-permission android:name="android.permission.USE_FINGERPRINT" />
28-->[androidx.biometric:biometric:1.1.0] AndroidManifest.xml:27:5-74
28-->[androidx.biometric:biometric:1.1.0] AndroidManifest.xml:27:22-71
29    <uses-permission android:name="android.permission.ACCESS_NETWORK_STATE" />
29-->[com.google.firebase:firebase-auth:23.1.0] AndroidManifest.xml:26:5-79
29-->[com.google.firebase:firebase-auth:23.1.0] AndroidManifest.xml:26:22-76
30    <uses-permission android:name="com.google.android.providers.gsf.permission.READ_GSERVICES" />
30-->[com.google.android.recaptcha:recaptcha:18.5.1] AndroidManifest.xml:9:5-98
30-->[com.google.android.recaptcha:recaptcha:18.5.1] AndroidManifest.xml:9:22-95
31
32    <permission
32-->[androidx.core:core:1.15.0] AndroidManifest.xml:22:5-24:47
33        android:name="com.antiprocrastinacion.lock.DYNAMIC_RECEIVER_NOT_EXPORTED_PERMISSION"
33-->[androidx.core:core:1.15.0] AndroidManifest.xml:23:9-81
34        android:protectionLevel="signature" />
34-->[androidx.core:core:1.15.0] AndroidManifest.xml:24:9-44
35
36    <uses-permission android:name="com.antiprocrastinacion.lock.DYNAMIC_RECEIVER_NOT_EXPORTED_PERMISSION" />
36-->[androidx.core:core:1.15.0] AndroidManifest.xml:26:5-97
36-->[androidx.core:core:1.15.0] AndroidManifest.xml:26:22-94
37
38    <application
38-->src\main\AndroidManifest.xml:22:5-66:19
39        android:allowBackup="true"
39-->src\main\AndroidManifest.xml:23:9-35
40        android:appComponentFactory="androidx.core.app.CoreComponentFactory"
40-->[androidx.core:core:1.15.0] AndroidManifest.xml:28:18-86
41        android:debuggable="true"
42        android:extractNativeLibs="false"
43        android:icon="@drawable/app_logo"
43-->src\main\AndroidManifest.xml:24:9-42
44        android:label="AntiProcrastinacion"
44-->src\main\AndroidManifest.xml:25:9-44
45        android:supportsRtl="true"
45-->src\main\AndroidManifest.xml:26:9-35
46        android:theme="@android:style/Theme.DeviceDefault.NoActionBar" >
46-->src\main\AndroidManifest.xml:27:9-71
47
48        <!-- Actividad principal registrada como App estándar y Launcher -->
49        <activity
49-->src\main\AndroidManifest.xml:30:9-42:20
50            android:name="com.antiprocrastinacion.lock.MainActivity"
50-->src\main\AndroidManifest.xml:31:13-41
51            android:excludeFromRecents="true"
51-->src\main\AndroidManifest.xml:34:13-46
52            android:exported="true"
52-->src\main\AndroidManifest.xml:32:13-36
53            android:launchMode="singleTask"
53-->src\main\AndroidManifest.xml:33:13-44
54            android:theme="@android:style/Theme.DeviceDefault.NoActionBar" >
54-->src\main\AndroidManifest.xml:35:13-75
55            <intent-filter>
55-->src\main\AndroidManifest.xml:36:13-41:29
56                <action android:name="android.intent.action.MAIN" />
56-->src\main\AndroidManifest.xml:37:17-69
56-->src\main\AndroidManifest.xml:37:25-66
57
58                <category android:name="android.intent.category.LAUNCHER" />
58-->src\main\AndroidManifest.xml:38:17-77
58-->src\main\AndroidManifest.xml:38:27-74
59                <category android:name="android.intent.category.HOME" />
59-->src\main\AndroidManifest.xml:39:17-73
59-->src\main\AndroidManifest.xml:39:27-70
60                <category android:name="android.intent.category.DEFAULT" />
60-->src\main\AndroidManifest.xml:40:17-76
60-->src\main\AndroidManifest.xml:40:27-73
61            </intent-filter>
62        </activity>
63
64        <!-- Servicio Foreground para el monitoreo ininterrumpido -->
65        <service
65-->src\main\AndroidManifest.xml:45:9-53:19
66            android:name="com.antiprocrastinacion.lock.LockMonitoringService"
66-->src\main\AndroidManifest.xml:46:13-50
67            android:enabled="true"
67-->src\main\AndroidManifest.xml:47:13-35
68            android:exported="false"
68-->src\main\AndroidManifest.xml:48:13-37
69            android:foregroundServiceType="specialUse" >
69-->src\main\AndroidManifest.xml:49:13-55
70            <property
70-->src\main\AndroidManifest.xml:50:13-52:80
71                android:name="android.app.PROPERTY_SPECIAL_USE_FGS_SUBTYPE"
71-->src\main\AndroidManifest.xml:51:17-76
72                android:value="Anti-procrastination lock screen enforcement" />
72-->src\main\AndroidManifest.xml:52:17-77
73        </service>
74
75        <!-- Receptor de arranque para persistencia de bloqueo -->
76        <receiver
76-->src\main\AndroidManifest.xml:56:9-64:20
77            android:name="com.antiprocrastinacion.lock.BootReceiver"
77-->src\main\AndroidManifest.xml:57:13-41
78            android:enabled="true"
78-->src\main\AndroidManifest.xml:58:13-35
79            android:exported="true" >
79-->src\main\AndroidManifest.xml:59:13-36
80            <intent-filter>
80-->src\main\AndroidManifest.xml:60:13-63:29
81                <action android:name="android.intent.action.BOOT_COMPLETED" />
81-->src\main\AndroidManifest.xml:61:17-79
81-->src\main\AndroidManifest.xml:61:25-76
82
83                <category android:name="android.intent.category.DEFAULT" />
83-->src\main\AndroidManifest.xml:40:17-76
83-->src\main\AndroidManifest.xml:40:27-73
84            </intent-filter>
85        </receiver>
86
87        <activity
87-->[androidx.compose.ui:ui-tooling-android:1.7.6] AndroidManifest.xml:23:9-25:39
88            android:name="androidx.compose.ui.tooling.PreviewActivity"
88-->[androidx.compose.ui:ui-tooling-android:1.7.6] AndroidManifest.xml:24:13-71
89            android:exported="true" />
89-->[androidx.compose.ui:ui-tooling-android:1.7.6] AndroidManifest.xml:25:13-36
90
91        <service
91-->[com.google.firebase:firebase-auth-ktx:23.1.0] AndroidManifest.xml:8:9-14:19
92            android:name="com.google.firebase.components.ComponentDiscoveryService"
92-->[com.google.firebase:firebase-auth-ktx:23.1.0] AndroidManifest.xml:9:13-84
93            android:directBootAware="true"
93-->[com.google.firebase:firebase-common:21.0.0] AndroidManifest.xml:32:13-43
94            android:exported="false" >
94-->[com.google.firebase:firebase-auth-ktx:23.1.0] AndroidManifest.xml:10:13-37
95            <meta-data
95-->[com.google.firebase:firebase-auth-ktx:23.1.0] AndroidManifest.xml:11:13-13:85
96                android:name="com.google.firebase.components:com.google.firebase.auth.ktx.FirebaseAuthLegacyRegistrar"
96-->[com.google.firebase:firebase-auth-ktx:23.1.0] AndroidManifest.xml:12:17-119
97                android:value="com.google.firebase.components.ComponentRegistrar" />
97-->[com.google.firebase:firebase-auth-ktx:23.1.0] AndroidManifest.xml:13:17-82
98            <meta-data
98-->[com.google.firebase:firebase-auth:23.1.0] AndroidManifest.xml:69:13-71:85
99                android:name="com.google.firebase.components:com.google.firebase.auth.FirebaseAuthRegistrar"
99-->[com.google.firebase:firebase-auth:23.1.0] AndroidManifest.xml:70:17-109
100                android:value="com.google.firebase.components.ComponentRegistrar" />
100-->[com.google.firebase:firebase-auth:23.1.0] AndroidManifest.xml:71:17-82
101            <meta-data
101-->[com.google.firebase:firebase-database-ktx:21.0.0] AndroidManifest.xml:12:13-14:85
102                android:name="com.google.firebase.components:com.google.firebase.database.ktx.FirebaseDatabaseLegacyRegistrar"
102-->[com.google.firebase:firebase-database-ktx:21.0.0] AndroidManifest.xml:13:17-127
103                android:value="com.google.firebase.components.ComponentRegistrar" />
103-->[com.google.firebase:firebase-database-ktx:21.0.0] AndroidManifest.xml:14:17-82
104            <meta-data
104-->[com.google.firebase:firebase-database:21.0.0] AndroidManifest.xml:29:13-31:85
105                android:name="com.google.firebase.components:com.google.firebase.database.FirebaseDatabaseKtxRegistrar"
105-->[com.google.firebase:firebase-database:21.0.0] AndroidManifest.xml:30:17-120
106                android:value="com.google.firebase.components.ComponentRegistrar" />
106-->[com.google.firebase:firebase-database:21.0.0] AndroidManifest.xml:31:17-82
107            <meta-data
107-->[com.google.firebase:firebase-database:21.0.0] AndroidManifest.xml:32:13-34:85
108                android:name="com.google.firebase.components:com.google.firebase.database.DatabaseRegistrar"
108-->[com.google.firebase:firebase-database:21.0.0] AndroidManifest.xml:33:17-109
109                android:value="com.google.firebase.components.ComponentRegistrar" />
109-->[com.google.firebase:firebase-database:21.0.0] AndroidManifest.xml:34:17-82
110            <meta-data
110-->[com.google.firebase:firebase-common-ktx:21.0.0] AndroidManifest.xml:12:13-14:85
111                android:name="com.google.firebase.components:com.google.firebase.ktx.FirebaseCommonLegacyRegistrar"
111-->[com.google.firebase:firebase-common-ktx:21.0.0] AndroidManifest.xml:13:17-116
112                android:value="com.google.firebase.components.ComponentRegistrar" />
112-->[com.google.firebase:firebase-common-ktx:21.0.0] AndroidManifest.xml:14:17-82
113            <meta-data
113-->[com.google.firebase:firebase-common:21.0.0] AndroidManifest.xml:35:13-37:85
114                android:name="com.google.firebase.components:com.google.firebase.FirebaseCommonKtxRegistrar"
114-->[com.google.firebase:firebase-common:21.0.0] AndroidManifest.xml:36:17-109
115                android:value="com.google.firebase.components.ComponentRegistrar" />
115-->[com.google.firebase:firebase-common:21.0.0] AndroidManifest.xml:37:17-82
116        </service>
117
118        <activity
118-->[com.google.firebase:firebase-auth:23.1.0] AndroidManifest.xml:29:9-46:20
119            android:name="com.google.firebase.auth.internal.GenericIdpActivity"
119-->[com.google.firebase:firebase-auth:23.1.0] AndroidManifest.xml:30:13-80
120            android:excludeFromRecents="true"
120-->[com.google.firebase:firebase-auth:23.1.0] AndroidManifest.xml:31:13-46
121            android:exported="true"
121-->[com.google.firebase:firebase-auth:23.1.0] AndroidManifest.xml:32:13-36
122            android:launchMode="singleTask"
122-->[com.google.firebase:firebase-auth:23.1.0] AndroidManifest.xml:33:13-44
123            android:theme="@android:style/Theme.Translucent.NoTitleBar" >
123-->[com.google.firebase:firebase-auth:23.1.0] AndroidManifest.xml:34:13-72
124            <intent-filter>
124-->[com.google.firebase:firebase-auth:23.1.0] AndroidManifest.xml:35:13-45:29
125                <action android:name="android.intent.action.VIEW" />
125-->[com.google.firebase:firebase-auth:23.1.0] AndroidManifest.xml:36:17-69
125-->[com.google.firebase:firebase-auth:23.1.0] AndroidManifest.xml:36:25-66
126
127                <category android:name="android.intent.category.DEFAULT" />
127-->src\main\AndroidManifest.xml:40:17-76
127-->src\main\AndroidManifest.xml:40:27-73
128                <category android:name="android.intent.category.BROWSABLE" />
128-->[com.google.firebase:firebase-auth:23.1.0] AndroidManifest.xml:39:17-78
128-->[com.google.firebase:firebase-auth:23.1.0] AndroidManifest.xml:39:27-75
129
130                <data
130-->[com.google.firebase:firebase-auth:23.1.0] AndroidManifest.xml:41:17-44:51
131                    android:host="firebase.auth"
131-->[com.google.firebase:firebase-auth:23.1.0] AndroidManifest.xml:42:21-49
132                    android:path="/"
132-->[com.google.firebase:firebase-auth:23.1.0] AndroidManifest.xml:43:21-37
133                    android:scheme="genericidp" />
133-->[com.google.firebase:firebase-auth:23.1.0] AndroidManifest.xml:44:21-48
134            </intent-filter>
135        </activity>
136        <activity
136-->[com.google.firebase:firebase-auth:23.1.0] AndroidManifest.xml:47:9-64:20
137            android:name="com.google.firebase.auth.internal.RecaptchaActivity"
137-->[com.google.firebase:firebase-auth:23.1.0] AndroidManifest.xml:48:13-79
138            android:excludeFromRecents="true"
138-->[com.google.firebase:firebase-auth:23.1.0] AndroidManifest.xml:49:13-46
139            android:exported="true"
139-->[com.google.firebase:firebase-auth:23.1.0] AndroidManifest.xml:50:13-36
140            android:launchMode="singleTask"
140-->[com.google.firebase:firebase-auth:23.1.0] AndroidManifest.xml:51:13-44
141            android:theme="@android:style/Theme.Translucent.NoTitleBar" >
141-->[com.google.firebase:firebase-auth:23.1.0] AndroidManifest.xml:52:13-72
142            <intent-filter>
142-->[com.google.firebase:firebase-auth:23.1.0] AndroidManifest.xml:53:13-63:29
143                <action android:name="android.intent.action.VIEW" />
143-->[com.google.firebase:firebase-auth:23.1.0] AndroidManifest.xml:36:17-69
143-->[com.google.firebase:firebase-auth:23.1.0] AndroidManifest.xml:36:25-66
144
145                <category android:name="android.intent.category.DEFAULT" />
145-->src\main\AndroidManifest.xml:40:17-76
145-->src\main\AndroidManifest.xml:40:27-73
146                <category android:name="android.intent.category.BROWSABLE" />
146-->[com.google.firebase:firebase-auth:23.1.0] AndroidManifest.xml:39:17-78
146-->[com.google.firebase:firebase-auth:23.1.0] AndroidManifest.xml:39:27-75
147
148                <data
148-->[com.google.firebase:firebase-auth:23.1.0] AndroidManifest.xml:41:17-44:51
149                    android:host="firebase.auth"
149-->[com.google.firebase:firebase-auth:23.1.0] AndroidManifest.xml:42:21-49
150                    android:path="/"
150-->[com.google.firebase:firebase-auth:23.1.0] AndroidManifest.xml:43:21-37
151                    android:scheme="recaptcha" />
151-->[com.google.firebase:firebase-auth:23.1.0] AndroidManifest.xml:44:21-48
152            </intent-filter>
153        </activity>
154
155        <service
155-->[androidx.credentials:credentials-play-services-auth:1.3.0] AndroidManifest.xml:24:9-32:19
156            android:name="androidx.credentials.playservices.CredentialProviderMetadataHolder"
156-->[androidx.credentials:credentials-play-services-auth:1.3.0] AndroidManifest.xml:25:13-94
157            android:enabled="true"
157-->[androidx.credentials:credentials-play-services-auth:1.3.0] AndroidManifest.xml:26:13-35
158            android:exported="false" >
158-->[androidx.credentials:credentials-play-services-auth:1.3.0] AndroidManifest.xml:27:13-37
159            <meta-data
159-->[androidx.credentials:credentials-play-services-auth:1.3.0] AndroidManifest.xml:29:13-31:104
160                android:name="androidx.credentials.CREDENTIAL_PROVIDER_KEY"
160-->[androidx.credentials:credentials-play-services-auth:1.3.0] AndroidManifest.xml:30:17-76
161                android:value="androidx.credentials.playservices.CredentialProviderPlayServicesImpl" />
161-->[androidx.credentials:credentials-play-services-auth:1.3.0] AndroidManifest.xml:31:17-101
162        </service>
163
164        <activity
164-->[androidx.credentials:credentials-play-services-auth:1.3.0] AndroidManifest.xml:34:9-41:20
165            android:name="androidx.credentials.playservices.HiddenActivity"
165-->[androidx.credentials:credentials-play-services-auth:1.3.0] AndroidManifest.xml:35:13-76
166            android:configChanges="orientation|screenSize|screenLayout|keyboardHidden"
166-->[androidx.credentials:credentials-play-services-auth:1.3.0] AndroidManifest.xml:36:13-87
167            android:enabled="true"
167-->[androidx.credentials:credentials-play-services-auth:1.3.0] AndroidManifest.xml:37:13-35
168            android:exported="false"
168-->[androidx.credentials:credentials-play-services-auth:1.3.0] AndroidManifest.xml:38:13-37
169            android:fitsSystemWindows="true"
169-->[androidx.credentials:credentials-play-services-auth:1.3.0] AndroidManifest.xml:39:13-45
170            android:theme="@style/Theme.Hidden" >
170-->[androidx.credentials:credentials-play-services-auth:1.3.0] AndroidManifest.xml:40:13-48
171        </activity>
172        <activity
172-->[com.google.android.gms:play-services-auth:21.1.1] AndroidManifest.xml:23:9-27:75
173            android:name="com.google.android.gms.auth.api.signin.internal.SignInHubActivity"
173-->[com.google.android.gms:play-services-auth:21.1.1] AndroidManifest.xml:24:13-93
174            android:excludeFromRecents="true"
174-->[com.google.android.gms:play-services-auth:21.1.1] AndroidManifest.xml:25:13-46
175            android:exported="false"
175-->[com.google.android.gms:play-services-auth:21.1.1] AndroidManifest.xml:26:13-37
176            android:theme="@android:style/Theme.Translucent.NoTitleBar" />
176-->[com.google.android.gms:play-services-auth:21.1.1] AndroidManifest.xml:27:13-72
177        <!--
178            Service handling Google Sign-In user revocation. For apps that do not integrate with
179            Google Sign-In, this service will never be started.
180        -->
181        <service
181-->[com.google.android.gms:play-services-auth:21.1.1] AndroidManifest.xml:33:9-37:51
182            android:name="com.google.android.gms.auth.api.signin.RevocationBoundService"
182-->[com.google.android.gms:play-services-auth:21.1.1] AndroidManifest.xml:34:13-89
183            android:exported="true"
183-->[com.google.android.gms:play-services-auth:21.1.1] AndroidManifest.xml:35:13-36
184            android:permission="com.google.android.gms.auth.api.signin.permission.REVOCATION_NOTIFICATION"
184-->[com.google.android.gms:play-services-auth:21.1.1] AndroidManifest.xml:36:13-107
185            android:visibleToInstantApps="true" />
185-->[com.google.android.gms:play-services-auth:21.1.1] AndroidManifest.xml:37:13-48
186
187        <activity
187-->[com.google.android.gms:play-services-base:18.3.0] AndroidManifest.xml:20:9-22:45
188            android:name="com.google.android.gms.common.api.GoogleApiActivity"
188-->[com.google.android.gms:play-services-base:18.3.0] AndroidManifest.xml:20:19-85
189            android:exported="false"
189-->[com.google.android.gms:play-services-base:18.3.0] AndroidManifest.xml:22:19-43
190            android:theme="@android:style/Theme.Translucent.NoTitleBar" />
190-->[com.google.android.gms:play-services-base:18.3.0] AndroidManifest.xml:21:19-78
191
192        <provider
192-->[com.google.firebase:firebase-common:21.0.0] AndroidManifest.xml:23:9-28:39
193            android:name="com.google.firebase.provider.FirebaseInitProvider"
193-->[com.google.firebase:firebase-common:21.0.0] AndroidManifest.xml:24:13-77
194            android:authorities="com.antiprocrastinacion.lock.firebaseinitprovider"
194-->[com.google.firebase:firebase-common:21.0.0] AndroidManifest.xml:25:13-72
195            android:directBootAware="true"
195-->[com.google.firebase:firebase-common:21.0.0] AndroidManifest.xml:26:13-43
196            android:exported="false"
196-->[com.google.firebase:firebase-common:21.0.0] AndroidManifest.xml:27:13-37
197            android:initOrder="100" />
197-->[com.google.firebase:firebase-common:21.0.0] AndroidManifest.xml:28:13-36
198        <provider
198-->[androidx.emoji2:emoji2:1.3.0] AndroidManifest.xml:24:9-32:20
199            android:name="androidx.startup.InitializationProvider"
199-->[androidx.emoji2:emoji2:1.3.0] AndroidManifest.xml:25:13-67
200            android:authorities="com.antiprocrastinacion.lock.androidx-startup"
200-->[androidx.emoji2:emoji2:1.3.0] AndroidManifest.xml:26:13-68
201            android:exported="false" >
201-->[androidx.emoji2:emoji2:1.3.0] AndroidManifest.xml:27:13-37
202            <meta-data
202-->[androidx.emoji2:emoji2:1.3.0] AndroidManifest.xml:29:13-31:52
203                android:name="androidx.emoji2.text.EmojiCompatInitializer"
203-->[androidx.emoji2:emoji2:1.3.0] AndroidManifest.xml:30:17-75
204                android:value="androidx.startup" />
204-->[androidx.emoji2:emoji2:1.3.0] AndroidManifest.xml:31:17-49
205            <meta-data
205-->[androidx.lifecycle:lifecycle-process:2.8.7] AndroidManifest.xml:29:13-31:52
206                android:name="androidx.lifecycle.ProcessLifecycleInitializer"
206-->[androidx.lifecycle:lifecycle-process:2.8.7] AndroidManifest.xml:30:17-78
207                android:value="androidx.startup" />
207-->[androidx.lifecycle:lifecycle-process:2.8.7] AndroidManifest.xml:31:17-49
208            <meta-data
208-->[androidx.profileinstaller:profileinstaller:1.3.1] AndroidManifest.xml:29:13-31:52
209                android:name="androidx.profileinstaller.ProfileInstallerInitializer"
209-->[androidx.profileinstaller:profileinstaller:1.3.1] AndroidManifest.xml:30:17-85
210                android:value="androidx.startup" />
210-->[androidx.profileinstaller:profileinstaller:1.3.1] AndroidManifest.xml:31:17-49
211        </provider>
212
213        <meta-data
213-->[com.google.android.gms:play-services-basement:18.4.0] AndroidManifest.xml:6:9-122
214            android:name="com.google.android.gms.version"
214-->[com.google.android.gms:play-services-basement:18.4.0] AndroidManifest.xml:6:20-65
215            android:value="@integer/google_play_services_version" />
215-->[com.google.android.gms:play-services-basement:18.4.0] AndroidManifest.xml:6:66-119
216
217        <receiver
217-->[androidx.profileinstaller:profileinstaller:1.3.1] AndroidManifest.xml:34:9-52:20
218            android:name="androidx.profileinstaller.ProfileInstallReceiver"
218-->[androidx.profileinstaller:profileinstaller:1.3.1] AndroidManifest.xml:35:13-76
219            android:directBootAware="false"
219-->[androidx.profileinstaller:profileinstaller:1.3.1] AndroidManifest.xml:36:13-44
220            android:enabled="true"
220-->[androidx.profileinstaller:profileinstaller:1.3.1] AndroidManifest.xml:37:13-35
221            android:exported="true"
221-->[androidx.profileinstaller:profileinstaller:1.3.1] AndroidManifest.xml:38:13-36
222            android:permission="android.permission.DUMP" >
222-->[androidx.profileinstaller:profileinstaller:1.3.1] AndroidManifest.xml:39:13-57
223            <intent-filter>
223-->[androidx.profileinstaller:profileinstaller:1.3.1] AndroidManifest.xml:40:13-42:29
224                <action android:name="androidx.profileinstaller.action.INSTALL_PROFILE" />
224-->[androidx.profileinstaller:profileinstaller:1.3.1] AndroidManifest.xml:41:17-91
224-->[androidx.profileinstaller:profileinstaller:1.3.1] AndroidManifest.xml:41:25-88
225            </intent-filter>
226            <intent-filter>
226-->[androidx.profileinstaller:profileinstaller:1.3.1] AndroidManifest.xml:43:13-45:29
227                <action android:name="androidx.profileinstaller.action.SKIP_FILE" />
227-->[androidx.profileinstaller:profileinstaller:1.3.1] AndroidManifest.xml:44:17-85
227-->[androidx.profileinstaller:profileinstaller:1.3.1] AndroidManifest.xml:44:25-82
228            </intent-filter>
229            <intent-filter>
229-->[androidx.profileinstaller:profileinstaller:1.3.1] AndroidManifest.xml:46:13-48:29
230                <action android:name="androidx.profileinstaller.action.SAVE_PROFILE" />
230-->[androidx.profileinstaller:profileinstaller:1.3.1] AndroidManifest.xml:47:17-88
230-->[androidx.profileinstaller:profileinstaller:1.3.1] AndroidManifest.xml:47:25-85
231            </intent-filter>
232            <intent-filter>
232-->[androidx.profileinstaller:profileinstaller:1.3.1] AndroidManifest.xml:49:13-51:29
233                <action android:name="androidx.profileinstaller.action.BENCHMARK_OPERATION" />
233-->[androidx.profileinstaller:profileinstaller:1.3.1] AndroidManifest.xml:50:17-95
233-->[androidx.profileinstaller:profileinstaller:1.3.1] AndroidManifest.xml:50:25-92
234            </intent-filter>
235        </receiver> <!-- The activities will be merged into the manifest of the hosting app. -->
236        <activity
236-->[com.google.android.play:core-common:2.0.3] AndroidManifest.xml:14:9-18:65
237            android:name="com.google.android.play.core.common.PlayCoreDialogWrapperActivity"
237-->[com.google.android.play:core-common:2.0.3] AndroidManifest.xml:15:13-93
238            android:exported="false"
238-->[com.google.android.play:core-common:2.0.3] AndroidManifest.xml:16:13-37
239            android:stateNotNeeded="true"
239-->[com.google.android.play:core-common:2.0.3] AndroidManifest.xml:17:13-42
240            android:theme="@style/Theme.PlayCore.Transparent" />
240-->[com.google.android.play:core-common:2.0.3] AndroidManifest.xml:18:13-62
241    </application>
242
243</manifest>